C:\Users\lerwi\source\repos\SNImplementationDocs\src\App\sys.js
C:\Users\lerwi\source\repos\SNImplementationDocs\src\App\sys.js.map
C:\Users\lerwi\source\repos\SNImplementationDocs\src\App\app.js
C:\Users\lerwi\source\repos\SNImplementationDocs\src\App\app.js.map
C:\Users\lerwi\source\repos\SNImplementationDocs\src\App\ImageIndex.js
C:\Users\lerwi\source\repos\SNImplementationDocs\src\App\ImageIndex.js.map
C:\Users\lerwi\source\repos\SNImplementationDocs\src\App\commonServiceNowDefinitions.js
C:\Users\lerwi\source\repos\SNImplementationDocs\src\App\commonServiceNowDefinitions.js.map
C:\Users\lerwi\source\repos\SNImplementationDocs\src\App\IncidentManagement.js
C:\Users\lerwi\source\repos\SNImplementationDocs\src\App\IncidentManagement.js.map
C:\Users\lerwi\source\repos\SNImplementationDocs\src\App\accordionGroup.js
C:\Users\lerwi\source\repos\SNImplementationDocs\src\App\accordionGroup.js.map
C:\Users\lerwi\source\repos\SNImplementationDocs\src\App\Snippets.js
C:\Users\lerwi\source\repos\SNImplementationDocs\src\App\Snippets.js.map
C:\Users\lerwi\source\repos\SNImplementationDocs\src\App\Test.js
C:\Users\lerwi\source\repos\SNImplementationDocs\src\App\Test.js.map
C:\Users\lerwi\source\repos\SNImplementationDocs\src\App\colorBuilder.js
C:\Users\lerwi\source\repos\SNImplementationDocs\src\App\colorBuilder.js.map
C:\Users\lerwi\source\repos\SNImplementationDocs\src\App\regexTester.js
C:\Users\lerwi\source\repos\SNImplementationDocs\src\App\regexTester.js.map
C:\Users\lerwi\source\repos\SNImplementationDocs\src\App\uriBuilder.js
C:\Users\lerwi\source\repos\SNImplementationDocs\src\App\uriBuilder.js.map
